.\Debug\AutoExample.pdb
D:\ra207\vezbe\vezba 2 - Okruzenje za realizaciju protokola - FSM biblioteka\Primer 1\.\Debug\AutoExample.exe
D:\ra207\vezbe\vezba 2 - Okruzenje za realizaciju protokola - FSM biblioteka\Primer 1\.\Debug\AutoExample.exe.intermediate.manifest
D:\RA207\VEZBE\VEZBA 2 - OKRUZENJE ZA REALIZACIJU PROTOKOLA - FSM BIBLIOTEKA\PRIMER 1\DEBUG\AUTOEXAMPLE.EXE
D:\RA207\VEZBE\VEZBA 2 - OKRUZENJE ZA REALIZACIJU PROTOKOLA - FSM BIBLIOTEKA\PRIMER 1\DEBUG\AUTOEXAMPLE.EXE.INTERMEDIATE.MANIFEST
D:\RA207\VEZBE\VEZBA 2 - OKRUZENJE ZA REALIZACIJU PROTOKOLA - FSM BIBLIOTEKA\PRIMER 1\DEBUG\AUTOEXAMPLE.OBJ
D:\RA207\VEZBE\VEZBA 2 - OKRUZENJE ZA REALIZACIJU PROTOKOLA - FSM BIBLIOTEKA\PRIMER 1\DEBUG\AUTOEXAMPLE.PDB
D:\ra207\vezbe\vezba 2 - Okruzenje za realizaciju protokola - FSM biblioteka\Primer 1\Debug\AutoExample.vcxprojResolveAssemblyReference.cache
D:\ra207\vezbe\vezba 2 - Okruzenje za realizaciju protokola - FSM biblioteka\Primer 1\Debug\AutoExample.write.1.tlog
D:\RA207\VEZBE\VEZBA 2 - OKRUZENJE ZA REALIZACIJU PROTOKOLA - FSM BIBLIOTEKA\PRIMER 1\DEBUG\BUFFERS.OBJ
D:\RA207\VEZBE\VEZBA 2 - OKRUZENJE ZA REALIZACIJU PROTOKOLA - FSM BIBLIOTEKA\PRIMER 1\DEBUG\BUFFERSQUEUE.OBJ
D:\ra207\vezbe\vezba 2 - Okruzenje za realizaciju protokola - FSM biblioteka\Primer 1\Debug\cl.command.1.tlog
D:\ra207\vezbe\vezba 2 - Okruzenje za realizaciju protokola - FSM biblioteka\Primer 1\Debug\CL.read.1.tlog
D:\ra207\vezbe\vezba 2 - Okruzenje za realizaciju protokola - FSM biblioteka\Primer 1\Debug\CL.write.1.tlog
D:\RA207\VEZBE\VEZBA 2 - OKRUZENJE ZA REALIZACIJU PROTOKOLA - FSM BIBLIOTEKA\PRIMER 1\DEBUG\CLIENT.OBJ
D:\RA207\VEZBE\VEZBA 2 - OKRUZENJE ZA REALIZACIJU PROTOKOLA - FSM BIBLIOTEKA\PRIMER 1\DEBUG\DISTRIBUTION.OBJ
D:\RA207\VEZBE\VEZBA 2 - OKRUZENJE ZA REALIZACIJU PROTOKOLA - FSM BIBLIOTEKA\PRIMER 1\DEBUG\ERROROBJECT.OBJ
D:\RA207\VEZBE\VEZBA 2 - OKRUZENJE ZA REALIZACIJU PROTOKOLA - FSM BIBLIOTEKA\PRIMER 1\DEBUG\FSM.OBJ
D:\RA207\VEZBE\VEZBA 2 - OKRUZENJE ZA REALIZACIJU PROTOKOLA - FSM BIBLIOTEKA\PRIMER 1\DEBUG\FSMSYSTEM.OBJ
D:\RA207\VEZBE\VEZBA 2 - OKRUZENJE ZA REALIZACIJU PROTOKOLA - FSM BIBLIOTEKA\PRIMER 1\DEBUG\KERNELAPI.OBJ
D:\RA207\VEZBE\VEZBA 2 - OKRUZENJE ZA REALIZACIJU PROTOKOLA - FSM BIBLIOTEKA\PRIMER 1\DEBUG\KERNELFUNCTIONS.OBJ
D:\ra207\vezbe\vezba 2 - Okruzenje za realizaciju protokola - FSM biblioteka\Primer 1\Debug\link.command.1.tlog
D:\ra207\vezbe\vezba 2 - Okruzenje za realizaciju protokola - FSM biblioteka\Primer 1\Debug\link.read.1.tlog
D:\ra207\vezbe\vezba 2 - Okruzenje za realizaciju protokola - FSM biblioteka\Primer 1\Debug\link.write.1.tlog
D:\RA207\VEZBE\VEZBA 2 - OKRUZENJE ZA REALIZACIJU PROTOKOLA - FSM BIBLIOTEKA\PRIMER 1\DEBUG\LINUXFUNCTIONS.OBJ
D:\RA207\VEZBE\VEZBA 2 - OKRUZENJE ZA REALIZACIJU PROTOKOLA - FSM BIBLIOTEKA\PRIMER 1\DEBUG\LOGAUTOMATE.OBJ
D:\RA207\VEZBE\VEZBA 2 - OKRUZENJE ZA REALIZACIJU PROTOKOLA - FSM BIBLIOTEKA\PRIMER 1\DEBUG\LOGFILE.OBJ
D:\RA207\VEZBE\VEZBA 2 - OKRUZENJE ZA REALIZACIJU PROTOKOLA - FSM BIBLIOTEKA\PRIMER 1\DEBUG\MAILBOX.OBJ
D:\RA207\VEZBE\VEZBA 2 - OKRUZENJE ZA REALIZACIJU PROTOKOLA - FSM BIBLIOTEKA\PRIMER 1\DEBUG\MAIN.OBJ
D:\RA207\VEZBE\VEZBA 2 - OKRUZENJE ZA REALIZACIJU PROTOKOLA - FSM BIBLIOTEKA\PRIMER 1\DEBUG\MESSAGES.OBJ
D:\RA207\VEZBE\VEZBA 2 - OKRUZENJE ZA REALIZACIJU PROTOKOLA - FSM BIBLIOTEKA\PRIMER 1\DEBUG\MSGINTERFACE.OBJ
D:\ra207\vezbe\vezba 2 - Okruzenje za realizaciju protokola - FSM biblioteka\Primer 1\Debug\mt.command.1.tlog
D:\ra207\vezbe\vezba 2 - Okruzenje za realizaciju protokola - FSM biblioteka\Primer 1\Debug\mt.read.1.tlog
D:\ra207\vezbe\vezba 2 - Okruzenje za realizaciju protokola - FSM biblioteka\Primer 1\Debug\mt.write.1.tlog
D:\RA207\VEZBE\VEZBA 2 - OKRUZENJE ZA REALIZACIJU PROTOKOLA - FSM BIBLIOTEKA\PRIMER 1\DEBUG\NETFSM.OBJ
D:\RA207\VEZBE\VEZBA 2 - OKRUZENJE ZA REALIZACIJU PROTOKOLA - FSM BIBLIOTEKA\PRIMER 1\DEBUG\POSTOFFICE.OBJ
D:\RA207\VEZBE\VEZBA 2 - OKRUZENJE ZA REALIZACIJU PROTOKOLA - FSM BIBLIOTEKA\PRIMER 1\DEBUG\STANDARDMSG.OBJ
D:\RA207\VEZBE\VEZBA 2 - OKRUZENJE ZA REALIZACIJU PROTOKOLA - FSM BIBLIOTEKA\PRIMER 1\DEBUG\STDMSGPC16PL16.OBJ
D:\RA207\VEZBE\VEZBA 2 - OKRUZENJE ZA REALIZACIJU PROTOKOLA - FSM BIBLIOTEKA\PRIMER 1\DEBUG\SYSTEMFUNCTIONS.OBJ
D:\RA207\VEZBE\VEZBA 2 - OKRUZENJE ZA REALIZACIJU PROTOKOLA - FSM BIBLIOTEKA\PRIMER 1\DEBUG\SYSTEMTCP.OBJ
D:\RA207\VEZBE\VEZBA 2 - OKRUZENJE ZA REALIZACIJU PROTOKOLA - FSM BIBLIOTEKA\PRIMER 1\DEBUG\THREAD.OBJ
D:\RA207\VEZBE\VEZBA 2 - OKRUZENJE ZA REALIZACIJU PROTOKOLA - FSM BIBLIOTEKA\PRIMER 1\DEBUG\TIMER.OBJ
D:\RA207\VEZBE\VEZBA 2 - OKRUZENJE ZA REALIZACIJU PROTOKOLA - FSM BIBLIOTEKA\PRIMER 1\DEBUG\TRANSPORTINTERFACE.OBJ
D:\RA207\VEZBE\VEZBA 2 - OKRUZENJE ZA REALIZACIJU PROTOKOLA - FSM BIBLIOTEKA\PRIMER 1\DEBUG\UDPFSM.OBJ
D:\RA207\VEZBE\VEZBA 2 - OKRUZENJE ZA REALIZACIJU PROTOKOLA - FSM BIBLIOTEKA\PRIMER 1\DEBUG\UDPLOGINTERFACE.OBJ
D:\ra207\vezbe\vezba 2 - Okruzenje za realizaciju protokola - FSM biblioteka\Primer 1\Debug\vc100.idb
D:\RA207\VEZBE\VEZBA 2 - OKRUZENJE ZA REALIZACIJU PROTOKOLA - FSM BIBLIOTEKA\PRIMER 1\DEBUG\VC100.PDB
