Build started 13.12.2018 14:48:28.
     1>Project "D:\ra207\vezbe\vezba 4 - Enkripcija\projekat\pcap-project\project\Project.vcxproj" on node 2 (build target(s)).
     1>InitializeBuildStatus:
         Creating ".\Debug\Project.unsuccessfulbuild" because "AlwaysCreate" was specified.
       ClCompile:
         C:\Program Files (x86)\Microsoft Visual Studio 10.0\VC\bin\CL.exe /c /I../ /I../bpf/ /I../lbl/ /I../../Include/ /ZI /nologo /W3 /WX- /Od /Oy- /D _DEBUG /D WIN32 /D _CONSOLE /D _MBCS /D WPCAP /D HAVE_REMOTE /D _VC80_UPGRADE=0x0600 /D _UNICODE /D UNICODE /Gm /EHsc /RTC1 /MTd /GS /Gy- /fp:precise /Zc:wchar_t /Zc:forScope /Fo".\Debug\\" /Fd".\Debug\vc100.pdb" /Gd /TP /analyze- /errorReport:prompt ..\..\..\encryption.cpp
         encryption.cpp
     1>d:\ra207\vezbe\vezba 4 - enkripcija\encryption.cpp(203): warning C4172: returning address of local variable or temporary
     1>d:\ra207\vezbe\vezba 4 - enkripcija\encryption.cpp(145): warning C4101: 'encrypted' : unreferenced local variable
       Link:
         C:\Program Files (x86)\Microsoft Visual Studio 10.0\VC\bin\link.exe /ERRORREPORT:PROMPT /OUT:".\Debug\Project.exe" /INCREMENTAL:NO /NOLOGO odbc32.lib odbccp32.lib wsock32.lib ws2_32.lib Iphlpapi.lib ../../Lib/wpcap.lib kernel32.lib user32.lib gdi32.lib winspool.lib comdlg32.lib advapi32.lib shell32.lib ole32.lib oleaut32.lib uuid.lib odbc32.lib odbccp32.lib /MANIFEST /ManifestFile:".\Debug\Project.exe.intermediate.manifest" /MANIFESTUAC:"level='asInvoker' uiAccess='false'" /DEBUG /PDB:"D:\ra207\vezbe\vezba 4 - Enkripcija\projekat\pcap-project\project\Debug\Project.pdb" /SUBSYSTEM:CONSOLE /TLBID:1 /DYNAMICBASE /NXCOMPAT /IMPLIB:".\Debug\Project.lib" /MACHINE:X86 .\Debug\encryption.obj
     1>encryption.obj : warning LNK4075: ignoring '/EDITANDCONTINUE' due to '/INCREMENTAL:NO' specification
         Project.vcxproj -> D:\ra207\vezbe\vezba 4 - Enkripcija\projekat\pcap-project\project\.\Debug\Project.exe
       Manifest:
         C:\Program Files (x86)\Microsoft SDKs\Windows\v7.0A\bin\mt.exe /nologo /verbose /outputresource:".\Debug\Project.exe;#1" /manifest .\Debug\Project.exe.intermediate.manifest
       FinalizeBuildStatus:
         Deleting file ".\Debug\Project.unsuccessfulbuild".
         Touching ".\Debug\Project.lastbuildstate".
     1>Done Building Project "D:\ra207\vezbe\vezba 4 - Enkripcija\projekat\pcap-project\project\Project.vcxproj" (build target(s)).

Build succeeded.

Time Elapsed 00:00:00.73
